2007-05-10 12:01:29,296 - SimpleLog4JLogSystem initialized using logfile 'velocity.log'
2007-05-10 12:01:29,296 - ************************************************************** 
2007-05-10 12:01:29,296 - Starting Jakarta Velocity v1.4
2007-05-10 12:01:29,296 - RuntimeInstance initializing.
2007-05-10 12:01:29,296 - Default Properties File: org\apache\velocity\runtime\defaults\velocity.properties
2007-05-10 12:01:29,296 - Trying to use logger class org.apache.velocity.runtime.log.AvalonLogSystem
2007-05-10 12:01:29,296 - Couldn't find class org.apache.velocity.runtime.log.AvalonLogSystem or necessary supporting classes in classpath. Exception : java.lang.NoClassDefFoundError: org/apache/log/format/Formatter
2007-05-10 12:01:29,296 - Trying to use logger class org.apache.velocity.runtime.log.SimpleLog4JLogSystem
2007-05-10 12:01:29,296 - Using logger class org.apache.velocity.runtime.log.SimpleLog4JLogSystem
2007-05-10 12:01:29,296 - Default ResourceManager initializing. (class org.apache.velocity.runtime.resource.ResourceManagerImpl)
2007-05-10 12:01:29,296 - Resource Loader Instantiated: org.apache.velocity.runtime.resource.loader.FileResourceLoader
2007-05-10 12:01:29,312 - FileResourceLoader : initialization starting.
2007-05-10 12:01:29,312 - FileResourceLoader : adding path '/C:/programs/las/armstrong-latest/JavaSource/resources/obis/templates'
2007-05-10 12:01:29,312 - FileResourceLoader : initialization complete.
2007-05-10 12:01:29,312 - ResourceCache : initialized. (class org.apache.velocity.runtime.resource.ResourceCacheImpl)
2007-05-10 12:01:29,312 - Default ResourceManager initialization complete.
2007-05-10 12:01:29,312 - Loaded System Directive: org.apache.velocity.runtime.directive.Literal
2007-05-10 12:01:29,312 - Loaded System Directive: org.apache.velocity.runtime.directive.Macro
2007-05-10 12:01:29,328 - Loaded System Directive: org.apache.velocity.runtime.directive.Parse
2007-05-10 12:01:29,328 - Loaded System Directive: org.apache.velocity.runtime.directive.Include
2007-05-10 12:01:29,328 - Loaded System Directive: org.apache.velocity.runtime.directive.Foreach
2007-05-10 12:01:29,390 - Created: 20 parsers.
2007-05-10 12:01:29,406 - Velocimacro : initialization starting.
2007-05-10 12:01:29,406 - Velocimacro : adding VMs from VM library template : VM_global_library.vm
2007-05-10 12:01:29,406 - ResourceManager : unable to find resource 'VM_global_library.vm' in any resource loader.
2007-05-10 12:01:29,406 - Velocimacro : error using  VM library template VM_global_library.vm : org.apache.velocity.exception.ResourceNotFoundException: Unable to find resource 'VM_global_library.vm'
2007-05-10 12:01:29,406 - Velocimacro :  VM library template macro registration complete.
2007-05-10 12:01:29,406 - Velocimacro : allowInline = true : VMs can be defined inline in templates
2007-05-10 12:01:29,406 - Velocimacro : allowInlineToOverride = false : VMs defined inline may NOT replace previous VM definitions
2007-05-10 12:01:29,406 - Velocimacro : allowInlineLocal = false : VMs defined inline will be  global in scope if allowed.
2007-05-10 12:01:29,406 - Velocimacro : messages on  : VM system will output logging messages
2007-05-10 12:01:29,406 - Velocimacro : autoload off  : VM system will not automatically reload global library macros
2007-05-10 12:01:29,406 - Velocimacro : initialization complete.
2007-05-10 12:01:29,406 - Velocity successfully started.
